<?xml version="1.0" encoding="UTF-8"?>
<!-- Generated by org.testng.reporters.JUnitReportReporter -->
<testsuite hostname="DESKTOP-F0SEMFK" failures="0" tests="1" name="Rahulshettyacademy.ExtentReports.ExtentReportDemo" time="11.182" errors="0" timestamp="2023-01-31T17:54:42 IST" skipped="0">
  <testcase classname="Rahulshettyacademy.ExtentReports.ExtentReportDemo" name="initialDemo" time="11.182"/>
  <system-out/>
</testsuite> <!-- Rahulshettyacademy.ExtentReports.ExtentReportDemo -->
